<?xml version="1.0" encoding="UTF-8"?>
<!-- Generated by org.testng.reporters.JUnitXMLReporter -->
<testsuite ignored="0" hostname="LAPTOP-HMJQ3PC0" failures="0" tests="3" name="Default test" time="23.334" errors="0" timestamp="2021-08-08T15:27:32 IST">
  <testcase classname="POM_DDF_TESTNG_BaseClass_utilityClass.kite_test1$kite_testClass" name="testScenario_clickOnLOginBtnONly" time="0.322"/>
  <testcase classname="POM_DDF_TESTNG_BaseClass_utilityClass.kite_test1$kite_testClass" name="testScenario_enterOnlyPSWD" time="0.329"/>
  <testcase classname="POM_DDF_TESTNG_BaseClass_utilityClass.kite_test1$kite_testClass" name="testScenario_enterOnlyUN" time="0.162"/>
</testsuite> <!-- Default test -->
